<?xml version="1.0" encoding="UTF-8"?>
<testng-results skipped="0" failed="0" ignored="0" total="3" passed="3">
  <reporter-output>
  </reporter-output>
  <suite name="Suite" duration-ms="70700" started-at="2018-11-24T17:43:24Z" finished-at="2018-11-24T17:44:35Z">
    <groups>
    </groups>
    <test name="Test" duration-ms="70700" started-at="2018-11-24T17:43:24Z" finished-at="2018-11-24T17:44:35Z">
      <class name="org.zia.selenium.ddt.BankLoginExcel">
        <test-method status="PASS" signature="loginToBank(java.lang.String, java.lang.String)[pri:0, instance:org.zia.selenium.ddt.BankLoginExcel@1e88b3c]" name="loginToBank" duration-ms="34351" started-at="2018-11-24T17:43:25Z" data-provider="bank" finished-at="2018-11-24T17:43:59Z">
          <params>
            <param index="0">
              <value>
                <![CDATA[admin1]]>
              </value>
            </param>
            <param index="1">
              <value>
                <![CDATA[demo1]]>
              </value>
            </param>
          </params>
          <reporter-output>
          </reporter-output>
        </test-method> <!-- loginToBank -->
        <test-method status="PASS" signature="teardown()[pri:0, instance:org.zia.selenium.ddt.BankLoginExcel@1e88b3c]" name="teardown" is-config="true" duration-ms="982" started-at="2018-11-24T17:43:59Z" finished-at="2018-11-24T17:44:00Z">
          <reporter-output>
          </reporter-output>
        </test-method> <!-- teardown -->
        <test-method status="PASS" signature="loginToBank(java.lang.String, java.lang.String)[pri:0, instance:org.zia.selenium.ddt.BankLoginExcel@1e88b3c]" name="loginToBank" duration-ms="19506" started-at="2018-11-24T17:44:00Z" data-provider="bank" finished-at="2018-11-24T17:44:20Z">
          <params>
            <param index="0">
              <value>
                <![CDATA[tariqahsan]]>
              </value>
            </param>
            <param index="1">
              <value>
                <![CDATA[Vgy&8uhb]]>
              </value>
            </param>
          </params>
          <reporter-output>
          </reporter-output>
        </test-method> <!-- loginToBank -->
        <test-method status="PASS" signature="teardown()[pri:0, instance:org.zia.selenium.ddt.BankLoginExcel@1e88b3c]" name="teardown" is-config="true" duration-ms="1120" started-at="2018-11-24T17:44:20Z" finished-at="2018-11-24T17:44:21Z">
          <reporter-output>
          </reporter-output>
        </test-method> <!-- teardown -->
        <test-method status="PASS" signature="loginToBank(java.lang.String, java.lang.String)[pri:0, instance:org.zia.selenium.ddt.BankLoginExcel@1e88b3c]" name="loginToBank" duration-ms="13287" started-at="2018-11-24T17:44:21Z" data-provider="bank" finished-at="2018-11-24T17:44:34Z">
          <params>
            <param index="0">
              <value>
                <![CDATA[admin]]>
              </value>
            </param>
            <param index="1">
              <value>
                <![CDATA[demo3]]>
              </value>
            </param>
          </params>
          <reporter-output>
          </reporter-output>
        </test-method> <!-- loginToBank -->
        <test-method status="PASS" signature="teardown()[pri:0, instance:org.zia.selenium.ddt.BankLoginExcel@1e88b3c]" name="teardown" is-config="true" duration-ms="910" started-at="2018-11-24T17:44:34Z" finished-at="2018-11-24T17:44:35Z">
          <reporter-output>
          </reporter-output>
        </test-method> <!-- teardown -->
      </class> <!-- org.zia.selenium.ddt.BankLoginExcel -->
    </test> <!-- Test -->
  </suite> <!-- Suite -->
</testng-results>
