<?xml version="1.0" encoding="UTF-8"?>
<!-- Generated by org.testng.reporters.JUnitXMLReporter -->
<testsuite hostname="khanmu02-PC" name="Test" tests="3" failures="0" timestamp="15 Dec 2018 16:00:07 GMT" time="61.907" errors="0">
  <testcase name="loginToBank" time="22.078" classname="org.zia.selenium.ddt.BankLoginExcel"/>
  <testcase name="loginToBank" time="17.019" classname="org.zia.selenium.ddt.BankLoginExcel"/>
  <testcase name="loginToBank" time="17.159" classname="org.zia.selenium.ddt.BankLoginExcel"/>
</testsuite> <!-- Test -->
