<?xml version="1.0" encoding="UTF-8"?>
<testng-results skipped="0" failed="0" total="3" passed="3">
  <reporter-output>
  </reporter-output>
  <suite name="Suite" duration-ms="61907" started-at="2018-12-15T15:59:05Z" finished-at="2018-12-15T16:00:07Z">
    <groups>
    </groups>
    <test name="Test" duration-ms="61907" started-at="2018-12-15T15:59:05Z" finished-at="2018-12-15T16:00:07Z">
      <class name="org.zia.selenium.ddt.BankLoginExcel">
        <test-method status="PASS" signature="loginToBank(java.lang.String, java.lang.String)[pri:0, instance:org.zia.selenium.ddt.BankLoginExcel@2ed94a8b]" name="loginToBank" duration-ms="22078" started-at="2018-12-15T10:59:06Z" data-provider="bank" finished-at="2018-12-15T10:59:28Z">
          <params>
            <param index="0">
              <value>
                <![CDATA[admin1]]>
              </value>
            </param>
            <param index="1">
              <value>
                <![CDATA[demo1]]>
              </value>
            </param>
          </params>
          <reporter-output>
          </reporter-output>
        </test-method> <!-- loginToBank -->
        <test-method status="PASS" signature="teardown()[pri:0, instance:org.zia.selenium.ddt.BankLoginExcel@2ed94a8b]" name="teardown" is-config="true" duration-ms="1485" started-at="2018-12-15T10:59:28Z" finished-at="2018-12-15T10:59:29Z">
          <reporter-output>
          </reporter-output>
        </test-method> <!-- teardown -->
        <test-method status="PASS" signature="loginToBank(java.lang.String, java.lang.String)[pri:0, instance:org.zia.selenium.ddt.BankLoginExcel@2ed94a8b]" name="loginToBank" duration-ms="17019" started-at="2018-12-15T10:59:29Z" data-provider="bank" finished-at="2018-12-15T10:59:46Z">
          <params>
            <param index="0">
              <value>
                <![CDATA[abc123]]>
              </value>
            </param>
            <param index="1">
              <value>
                <![CDATA[abc123]]>
              </value>
            </param>
          </params>
          <reporter-output>
          </reporter-output>
        </test-method> <!-- loginToBank -->
        <test-method status="PASS" signature="teardown()[pri:0, instance:org.zia.selenium.ddt.BankLoginExcel@2ed94a8b]" name="teardown" is-config="true" duration-ms="1442" started-at="2018-12-15T10:59:46Z" finished-at="2018-12-15T10:59:48Z">
          <reporter-output>
          </reporter-output>
        </test-method> <!-- teardown -->
        <test-method status="PASS" signature="loginToBank(java.lang.String, java.lang.String)[pri:0, instance:org.zia.selenium.ddt.BankLoginExcel@2ed94a8b]" name="loginToBank" duration-ms="17159" started-at="2018-12-15T10:59:48Z" data-provider="bank" finished-at="2018-12-15T11:00:05Z">
          <params>
            <param index="0">
              <value>
                <![CDATA[admin]]>
              </value>
            </param>
            <param index="1">
              <value>
                <![CDATA[demo3]]>
              </value>
            </param>
          </params>
          <reporter-output>
          </reporter-output>
        </test-method> <!-- loginToBank -->
        <test-method status="PASS" signature="teardown()[pri:0, instance:org.zia.selenium.ddt.BankLoginExcel@2ed94a8b]" name="teardown" is-config="true" duration-ms="1831" started-at="2018-12-15T11:00:05Z" finished-at="2018-12-15T11:00:07Z">
          <reporter-output>
          </reporter-output>
        </test-method> <!-- teardown -->
      </class> <!-- org.zia.selenium.ddt.BankLoginExcel -->
    </test> <!-- Test -->
  </suite> <!-- Suite -->
</testng-results>
