<?xml version="1.0" encoding="UTF-8"?>
<!-- Generated by org.testng.reporters.JUnitXMLReporter -->
<testsuite hostname="DESKTOP-7KP2STH" ignored="0" name="Test" tests="3" failures="0" timestamp="24 Nov 2018 17:44:35 GMT" time="70.7" errors="0">
  <testcase name="loginToBank" time="34.351" classname="org.zia.selenium.ddt.BankLoginExcel"/>
  <testcase name="loginToBank" time="19.506" classname="org.zia.selenium.ddt.BankLoginExcel"/>
  <testcase name="loginToBank" time="13.287" classname="org.zia.selenium.ddt.BankLoginExcel"/>
</testsuite> <!-- Test -->
